0 info it worked if it ends with ok
1 verbose cli [ '/Users/n0bisuke/.nodebrew/node/v7.2.0/bin/node',
1 verbose cli   '/Users/n0bisuke/.nodebrew/current/bin/npm',
1 verbose cli   'run',
1 verbose cli   'serve' ]
2 info using npm@3.10.9
3 info using node@v7.2.0
4 verbose run-script [ 'preserve', 'serve', 'postserve' ]
5 info lifecycle nodejs.jp@0.1.0~preserve: nodejs.jp@0.1.0
6 silly lifecycle nodejs.jp@0.1.0~preserve: no script for preserve, continuing
7 info lifecycle nodejs.jp@0.1.0~serve: nodejs.jp@0.1.0
8 verbose lifecycle nodejs.jp@0.1.0~serve: unsafe-perm in lifecycle true
9 verbose lifecycle nodejs.jp@0.1.0~serve: PATH: /Users/n0bisuke/.nodebrew/node/v7.2.0/lib/node_modules/npm/bin/node-gyp-bin:/Users/n0bisuke/dotstudio/2_events/nodejsjp.github.com/node_modules/.bin:/Users/n0bisuke/.nodebrew/node/v7.2.0/bin:/Users/n0bisuke/.nodebrew/current/bin:/usr/local/bin:/usr/bin:/bin:/usr/sbin:/sbin:/usr/local/go/bin:/Library/Frameworks/Mono.framework/Versions/Current/Commands:/Users/n0bisuke/Library/Android/sdk/platform-tools
10 verbose lifecycle nodejs.jp@0.1.0~serve: CWD: /Users/n0bisuke/dotstudio/2_events/nodejsjp.github.com
11 silly lifecycle nodejs.jp@0.1.0~serve: Args: [ '-c', 'bulbo serve' ]
12 silly lifecycle nodejs.jp@0.1.0~serve: Returned: code: 1  signal: null
13 info lifecycle nodejs.jp@0.1.0~serve: Failed to exec serve script
14 verbose stack Error: nodejs.jp@0.1.0 serve: `bulbo serve`
14 verbose stack Exit status 1
14 verbose stack     at EventEmitter.<anonymous> (/Users/n0bisuke/.nodebrew/node/v7.2.0/lib/node_modules/npm/lib/utils/lifecycle.js:255:16)
14 verbose stack     at emitTwo (events.js:106:13)
14 verbose stack     at EventEmitter.emit (events.js:191:7)
14 verbose stack     at ChildProcess.<anonymous> (/Users/n0bisuke/.nodebrew/node/v7.2.0/lib/node_modules/npm/lib/utils/spawn.js:40:14)
14 verbose stack     at emitTwo (events.js:106:13)
14 verbose stack     at ChildProcess.emit (events.js:191:7)
14 verbose stack     at maybeClose (internal/child_process.js:885:16)
14 verbose stack     at Process.ChildProcess._handle.onexit (internal/child_process.js:226:5)
15 verbose pkgid nodejs.jp@0.1.0
16 verbose cwd /Users/n0bisuke/dotstudio/2_events/nodejsjp.github.com
17 error Darwin 16.1.0
18 error argv "/Users/n0bisuke/.nodebrew/node/v7.2.0/bin/node" "/Users/n0bisuke/.nodebrew/current/bin/npm" "run" "serve"
19 error node v7.2.0
20 error npm  v3.10.9
21 error code ELIFECYCLE
22 error nodejs.jp@0.1.0 serve: `bulbo serve`
22 error Exit status 1
23 error Failed at the nodejs.jp@0.1.0 serve script 'bulbo serve'.
23 error Make sure you have the latest version of node.js and npm installed.
23 error If you do, this is most likely a problem with the nodejs.jp package,
23 error not with npm itself.
23 error Tell the author that this fails on your system:
23 error     bulbo serve
23 error You can get information on how to open an issue for this project with:
23 error     npm bugs nodejs.jp
23 error Or if that isn't available, you can get their info via:
23 error     npm owner ls nodejs.jp
23 error There is likely additional logging output above.
24 verbose exit [ 1, true ]
